[ 2023-05-02 16:58:00,400 ] 26 root - INFO - Data Ingestion methods Starts
[ 2023-05-02 16:58:00,752 ] 29 root - INFO - Dataset read as pandas Dataframe
[ 2023-05-02 16:58:02,418 ] 33 root - INFO - Train test split
[ 2023-05-02 16:58:03,976 ] 39 root - INFO - Ingestion of Data is completed
[ 2023-05-02 16:58:04,403 ] 49 root - INFO - Read train and test data completed
[ 2023-05-02 16:58:04,419 ] 50 root - INFO - Train Dataframe Head : 
       Id  Cover_Type
0  232128           1
1  420531           1
2   83599           1
3  339808           1
4  484699           1
[ 2023-05-02 16:58:04,420 ] 51 root - INFO - Test Dataframe Head  : 
       Id  Cover_Type
0  208435           1
1  317120           1
2  316739           1
3  197633           1
4   22794           1
[ 2023-05-02 16:58:04,421 ] 53 root - INFO - Obtaining preprocessing object
[ 2023-05-02 16:58:04,421 ] 27 root - INFO - Pipeline Initiated
