[ 2023-05-02 15:34:49,497 ] 26 root - INFO - Data Ingestion methods Starts
[ 2023-05-02 15:34:49,727 ] 29 root - INFO - Dataset read as pandas Dataframe
[ 2023-05-02 15:34:50,810 ] 33 root - INFO - Train test split
[ 2023-05-02 15:34:52,000 ] 39 root - INFO - Ingestion of Data is completed
[ 2023-05-02 15:34:52,320 ] 49 root - INFO - Read train and test data completed
[ 2023-05-02 15:34:52,325 ] 50 root - INFO - Train Dataframe Head : 
       Id  Cover_Type
0  232128           1
1  420531           1
2   83599           1
3  339808           1
4  484699           1
[ 2023-05-02 15:34:52,327 ] 51 root - INFO - Test Dataframe Head  : 
       Id  Cover_Type
0  208435           1
1  317120           1
2  316739           1
3  197633           1
4   22794           1
[ 2023-05-02 15:34:52,328 ] 53 root - INFO - Obtaining preprocessing object
[ 2023-05-02 15:34:52,328 ] 27 root - INFO - Pipeline Initiated
[ 2023-05-02 15:34:52,329 ] 91 root - INFO - Exception occured in the initiate_datatransformation
